<?xml version="1.0" encoding="UTF-8"?>
<!-- Generated by org.testng.reporters.JUnitXMLReporter -->
<testsuite hostname="admin" ignored="0" name="Default test" tests="3" failures="0" timestamp="21 Sep 2020 06:49:05 GMT" time="75.567" errors="0">
  <testcase name="validateCreateNewCompany" time="13.597" classname="com.assignment.qa.testcases.CompanyPageTest"/>
  <testcase name="validateCreateNewCompanyRandomData" time="8.023" classname="com.assignment.qa.testcases.CompanyPageTest"/>
  <testcase name="validateRequiredCompanyName" time="6.301" classname="com.assignment.qa.testcases.CompanyPageTest"/>
</testsuite> <!-- Default test -->
