<?xml version="1.0" encoding="UTF-8"?>
<!-- Generated by org.testng.reporters.JUnitXMLReporter -->
<testsuite hostname="admin" ignored="0" name="Contact Page related test cases" tests="4" failures="0" timestamp="20 Sep 2020 16:03:52 GMT" time="58.004" errors="0">
  <testcase name="verifyContactsPageLabel" time="3.498" classname="com.crm.qa.testcases.ContactsPageTest"/>
  <testcase name="validateCreateNewContact" time="7.142" classname="com.crm.qa.testcases.ContactsPageTest"/>
  <testcase name="validateCreateNewContact" time="6.608" classname="com.crm.qa.testcases.ContactsPageTest"/>
  <testcase name="validateCreateNewContact" time="6.228" classname="com.crm.qa.testcases.ContactsPageTest"/>
</testsuite> <!-- Contact Page related test cases -->
