<?xml version="1.0" encoding="UTF-8"?>
<testng-results skipped="0" failed="0" ignored="0" total="6" passed="6">
  <reporter-output>
  </reporter-output>
  <suite name="Demo automation Framework- Priyanka 20-Sept-2020" duration-ms="63982" started-at="2020-09-20T19:05:22Z" finished-at="2020-09-20T19:06:26Z">
    <groups>
    </groups>
    <test name="Home page related TestCases" duration-ms="63982" started-at="2020-09-20T19:05:22Z" finished-at="2020-09-20T19:06:26Z">
      <class name="com.assignment.qa.testcases.HomePageTest">
        <test-method status="PASS" signature="setUp()[pri:0, instance:com.assignment.qa.testcases.HomePageTest@13969fbe]" name="setUp" is-config="true" duration-ms="36787" started-at="2020-09-21T00:35:22Z" finished-at="2020-09-21T00:35:59Z">
          <reporter-output>
          </reporter-output>
        </test-method> <!-- setUp -->
        <test-method status="PASS" signature="verifyHomePageTitleTest()[pri:1, instance:com.assignment.qa.testcases.HomePageTest@13969fbe]" name="verifyHomePageTitleTest" duration-ms="11" started-at="2020-09-21T00:35:59Z" finished-at="2020-09-21T00:35:59Z">
          <reporter-output>
          </reporter-output>
        </test-method> <!-- verifyHomePageTitleTest -->
        <test-method status="PASS" signature="verifyUserNameTest()[pri:2, instance:com.assignment.qa.testcases.HomePageTest@13969fbe]" name="verifyUserNameTest" duration-ms="2279" started-at="2020-09-21T00:35:59Z" finished-at="2020-09-21T00:36:01Z">
          <reporter-output>
          </reporter-output>
        </test-method> <!-- verifyUserNameTest -->
        <test-method status="PASS" signature="verifyContactsLinkTest()[pri:3, instance:com.assignment.qa.testcases.HomePageTest@13969fbe]" name="verifyContactsLinkTest" duration-ms="5767" started-at="2020-09-21T00:36:01Z" finished-at="2020-09-21T00:36:07Z">
          <reporter-output>
          </reporter-output>
        </test-method> <!-- verifyContactsLinkTest -->
        <test-method status="PASS" signature="verifyCompanyLinkTest()[pri:4, instance:com.assignment.qa.testcases.HomePageTest@13969fbe]" name="verifyCompanyLinkTest" duration-ms="5299" started-at="2020-09-21T00:36:07Z" finished-at="2020-09-21T00:36:12Z">
          <reporter-output>
          </reporter-output>
        </test-method> <!-- verifyCompanyLinkTest -->
        <test-method status="PASS" signature="verifyDealsLinkTest()[pri:4, instance:com.assignment.qa.testcases.HomePageTest@13969fbe]" name="verifyDealsLinkTest" duration-ms="5353" started-at="2020-09-21T00:36:12Z" finished-at="2020-09-21T00:36:17Z">
          <reporter-output>
          </reporter-output>
        </test-method> <!-- verifyDealsLinkTest -->
        <test-method status="PASS" signature="verifyTaskLinkTest()[pri:5, instance:com.assignment.qa.testcases.HomePageTest@13969fbe]" name="verifyTaskLinkTest" duration-ms="5310" started-at="2020-09-21T00:36:17Z" finished-at="2020-09-21T00:36:23Z">
          <reporter-output>
          </reporter-output>
        </test-method> <!-- verifyTaskLinkTest -->
        <test-method status="PASS" signature="tearDown()[pri:0, instance:com.assignment.qa.testcases.HomePageTest@13969fbe]" name="tearDown" is-config="true" duration-ms="3145" started-at="2020-09-21T00:36:23Z" finished-at="2020-09-21T00:36:26Z">
          <reporter-output>
          </reporter-output>
        </test-method> <!-- tearDown -->
      </class> <!-- com.assignment.qa.testcases.HomePageTest -->
    </test> <!-- Home page related TestCases -->
  </suite> <!-- Demo automation Framework- Priyanka 20-Sept-2020 -->
</testng-results>
