<?xml version="1.0" encoding="UTF-8"?>
<testng-results skipped="0" failed="0" ignored="0" total="3" passed="3">
  <reporter-output>
  </reporter-output>
  <suite name="Default suite" duration-ms="75567" started-at="2020-09-21T06:47:49Z" finished-at="2020-09-21T06:49:05Z">
    <groups>
    </groups>
    <test name="Default test" duration-ms="75567" started-at="2020-09-21T06:47:49Z" finished-at="2020-09-21T06:49:05Z">
      <class name="com.assignment.qa.testcases.CompanyPageTest">
        <test-method status="PASS" signature="setUp()[pri:0, instance:com.assignment.qa.testcases.CompanyPageTest@743bb39a]" name="setUp" is-config="true" duration-ms="32722" started-at="2020-09-21T12:17:49Z" finished-at="2020-09-21T12:18:22Z">
          <reporter-output>
          </reporter-output>
        </test-method> <!-- setUp -->
        <test-method status="PASS" signature="validateCreateNewCompany(java.lang.String, java.lang.String, java.lang.String, java.lang.String)[pri:4, instance:com.assignment.qa.testcases.CompanyPageTest@743bb39a]" name="validateCreateNewCompany" duration-ms="13597" started-at="2020-09-21T12:18:23Z" data-provider="getCRMTestData" finished-at="2020-09-21T12:18:36Z">
          <params>
            <param index="0">
              <value>
                <![CDATA[TouchCore]]>
              </value>
            </param>
            <param index="1">
              <value>
                <![CDATA[Pune]]>
              </value>
            </param>
            <param index="2">
              <value>
                <![CDATA[500.0]]>
              </value>
            </param>
            <param index="3">
              <value>
                <![CDATA[IT]]>
              </value>
            </param>
          </params>
          <reporter-output>
          </reporter-output>
        </test-method> <!-- validateCreateNewCompany -->
        <test-method status="PASS" signature="validateCreateNewCompanyRandomData()[pri:5, instance:com.assignment.qa.testcases.CompanyPageTest@743bb39a]" name="validateCreateNewCompanyRandomData" duration-ms="8023" started-at="2020-09-21T12:18:36Z" finished-at="2020-09-21T12:18:44Z">
          <reporter-output>
          </reporter-output>
        </test-method> <!-- validateCreateNewCompanyRandomData -->
        <test-method status="PASS" signature="validateRequiredCompanyName(java.lang.String, java.lang.String, java.lang.String, java.lang.String)[pri:6, instance:com.assignment.qa.testcases.CompanyPageTest@743bb39a]" name="validateRequiredCompanyName" duration-ms="6301" started-at="2020-09-21T12:18:44Z" data-provider="getCRMTestData" finished-at="2020-09-21T12:18:51Z">
          <params>
            <param index="0">
              <value>
                <![CDATA[TouchCore]]>
              </value>
            </param>
            <param index="1">
              <value>
                <![CDATA[Pune]]>
              </value>
            </param>
            <param index="2">
              <value>
                <![CDATA[500.0]]>
              </value>
            </param>
            <param index="3">
              <value>
                <![CDATA[IT]]>
              </value>
            </param>
          </params>
          <reporter-output>
          </reporter-output>
        </test-method> <!-- validateRequiredCompanyName -->
        <test-method status="PASS" signature="tearDown()[pri:0, instance:com.assignment.qa.testcases.CompanyPageTest@743bb39a]" name="tearDown" is-config="true" duration-ms="13988" started-at="2020-09-21T12:18:51Z" finished-at="2020-09-21T12:19:05Z">
          <reporter-output>
          </reporter-output>
        </test-method> <!-- tearDown -->
      </class> <!-- com.assignment.qa.testcases.CompanyPageTest -->
    </test> <!-- Default test -->
  </suite> <!-- Default suite -->
</testng-results>
