<?xml version="1.0" encoding="UTF-8"?>
<testng-results skipped="0" failed="0" ignored="0" total="4" passed="4">
  <reporter-output>
  </reporter-output>
  <suite name="Demo automation Framework- Priyanka 20-Sept-2020" duration-ms="58004" started-at="2020-09-20T16:02:53Z" finished-at="2020-09-20T16:03:51Z">
    <groups>
    </groups>
    <test name="Contact Page related test cases" duration-ms="58004" started-at="2020-09-20T16:02:53Z" finished-at="2020-09-20T16:03:51Z">
      <class name="com.crm.qa.testcases.ContactsPageTest">
        <test-method status="PASS" signature="setUp()[pri:0, instance:com.crm.qa.testcases.ContactsPageTest@5e5792a0]" name="setUp" is-config="true" duration-ms="30337" started-at="2020-09-20T21:32:53Z" finished-at="2020-09-20T21:33:24Z">
          <reporter-output>
          </reporter-output>
        </test-method> <!-- setUp -->
        <test-method status="PASS" signature="verifyContactsPageLabel()[pri:1, instance:com.crm.qa.testcases.ContactsPageTest@5e5792a0]" name="verifyContactsPageLabel" duration-ms="3498" started-at="2020-09-20T21:33:24Z" finished-at="2020-09-20T21:33:27Z">
          <reporter-output>
          </reporter-output>
        </test-method> <!-- verifyContactsPageLabel -->
        <test-method status="PASS" signature="validateCreateNewContact(java.lang.String, java.lang.String, java.lang.String, java.lang.String)[pri:4, instance:com.crm.qa.testcases.ContactsPageTest@5e5792a0]" name="validateCreateNewContact" duration-ms="7142" started-at="2020-09-20T21:33:30Z" data-provider="getCRMTestData" finished-at="2020-09-20T21:33:37Z">
          <params>
            <param index="0">
              <value>
                <![CDATA[Mrs.]]>
              </value>
            </param>
            <param index="1">
              <value>
                <![CDATA[Priyanka]]>
              </value>
            </param>
            <param index="2">
              <value>
                <![CDATA[Bhale]]>
              </value>
            </param>
            <param index="3">
              <value>
                <![CDATA[Touchcore]]>
              </value>
            </param>
          </params>
          <reporter-output>
          </reporter-output>
        </test-method> <!-- validateCreateNewContact -->
        <test-method status="PASS" signature="validateCreateNewContact(java.lang.String, java.lang.String, java.lang.String, java.lang.String)[pri:4, instance:com.crm.qa.testcases.ContactsPageTest@5e5792a0]" name="validateCreateNewContact" duration-ms="6608" started-at="2020-09-20T21:33:37Z" data-provider="getCRMTestData" finished-at="2020-09-20T21:33:43Z">
          <params>
            <param index="0">
              <value>
                <![CDATA[Dr.]]>
              </value>
            </param>
            <param index="1">
              <value>
                <![CDATA[APJ]]>
              </value>
            </param>
            <param index="2">
              <value>
                <![CDATA[Kalam]]>
              </value>
            </param>
            <param index="3">
              <value>
                <![CDATA[Facebook]]>
              </value>
            </param>
          </params>
          <reporter-output>
          </reporter-output>
        </test-method> <!-- validateCreateNewContact -->
        <test-method status="PASS" signature="validateCreateNewContact(java.lang.String, java.lang.String, java.lang.String, java.lang.String)[pri:4, instance:com.crm.qa.testcases.ContactsPageTest@5e5792a0]" name="validateCreateNewContact" duration-ms="6228" started-at="2020-09-20T21:33:43Z" data-provider="getCRMTestData" finished-at="2020-09-20T21:33:50Z">
          <params>
            <param index="0">
              <value>
                <![CDATA[Mrs.]]>
              </value>
            </param>
            <param index="1">
              <value>
                <![CDATA[Vishakha]]>
              </value>
            </param>
            <param index="2">
              <value>
                <![CDATA[Mahadik]]>
              </value>
            </param>
            <param index="3">
              <value>
                <![CDATA[Instagram]]>
              </value>
            </param>
          </params>
          <reporter-output>
          </reporter-output>
        </test-method> <!-- validateCreateNewContact -->
        <test-method status="PASS" signature="tearDown()[pri:0, instance:com.crm.qa.testcases.ContactsPageTest@5e5792a0]" name="tearDown" is-config="true" duration-ms="1649" started-at="2020-09-20T21:33:50Z" finished-at="2020-09-20T21:33:51Z">
          <reporter-output>
          </reporter-output>
        </test-method> <!-- tearDown -->
      </class> <!-- com.crm.qa.testcases.ContactsPageTest -->
    </test> <!-- Contact Page related test cases -->
  </suite> <!-- Demo automation Framework- Priyanka 20-Sept-2020 -->
</testng-results>
