<?xml version="1.0" encoding="UTF-8"?>
<!-- Generated by org.testng.reporters.JUnitXMLReporter -->
<testsuite hostname="admin" ignored="0" name="Home page related TestCases" tests="6" failures="0" timestamp="20 Sep 2020 19:06:26 GMT" time="63.982" errors="0">
  <testcase name="verifyHomePageTitleTest" time="0.011" classname="com.assignment.qa.testcases.HomePageTest"/>
  <testcase name="verifyUserNameTest" time="2.279" classname="com.assignment.qa.testcases.HomePageTest"/>
  <testcase name="verifyContactsLinkTest" time="5.767" classname="com.assignment.qa.testcases.HomePageTest"/>
  <testcase name="verifyCompanyLinkTest" time="5.299" classname="com.assignment.qa.testcases.HomePageTest"/>
  <testcase name="verifyDealsLinkTest" time="5.353" classname="com.assignment.qa.testcases.HomePageTest"/>
  <testcase name="verifyTaskLinkTest" time="5.31" classname="com.assignment.qa.testcases.HomePageTest"/>
</testsuite> <!-- Home page related TestCases -->
